# JRE version: OpenJDK Runtime Environment (17.0.6) (build 17.0.6+0-b2043.56-9586694)
# Java VM: OpenJDK 64-Bit Server VM (17.0.6+0-b2043.56-9586694, mixed mode, tiered, compressed oops, compressed class ptrs, g1 gc, windows-amd64)
GC Precious Log:
 CPUs: 4 total, 4 available
 Memory: 16208M
 Large Page Support: Disabled
 NUMA Support: Disabled
 Compressed Oops: Enabled (32-bit)
 Heap Region Size: 1M
 Heap Min Capacity: 8M
 Heap Initial Capacity: 254M
 Heap Max Capacity: 2G
 Pre-touch: Disabled
 Parallel Workers: 4
 Concurrent Workers: 1
 Concurrent Refinement Workers: 4
 Periodic GC: Disabled
Heap:
 garbage-first heap   total 201728K, used 121656K [0x0000000080000000, 0x0000000100000000)
  region size 1024K, 12 young (12288K), 3 survivors (3072K)
 Metaspace       used 98375K, committed 99264K, reserved 1138688K
  class space    used 13275K, committed 13696K, reserved 1048576K
GC Heap History (20 events):
Event: 39.035 GC heap before
{Heap before GC invocations=51 (full 0):
 garbage-first heap   total 201728K, used 168770K [0x0000000080000000, 0x0000000100000000)
  region size 1024K, 55 young (56320K), 1 survivors (1024K)
 Metaspace       used 95274K, committed 96128K, reserved 1138688K
  class space    used 12882K, committed 13248K, reserved 1048576K
}
Event: 39.037 GC heap after
{Heap after GC invocations=52 (full 0):
 garbage-first heap   total 201728K, used 113481K [0x0000000080000000, 0x0000000100000000)
  region size 1024K, 1 young (1024K), 1 survivors (1024K)
 Metaspace       used 95274K, committed 96128K, reserved 1138688K
  class space    used 12882K, committed 13248K, reserved 1048576K
}
Event: 41.570 GC heap before
{Heap before GC invocations=53 (full 0):
 garbage-first heap   total 201728K, used 171849K [0x0000000080000000, 0x0000000100000000)
  region size 1024K, 58 young (59392K), 1 survivors (1024K)
 Metaspace       used 95276K, committed 96128K, reserved 1138688K
  class space    used 12882K, committed 13248K, reserved 1048576K
}
Event: 41.572 GC heap after
{Heap after GC invocations=54 (full 0):
 garbage-first heap   total 201728K, used 113464K [0x0000000080000000, 0x0000000100000000)
  region size 1024K, 1 young (1024K), 1 survivors (1024K)
 Metaspace       used 95276K, committed 96128K, reserved 1138688K
  class space    used 12882K, committed 13248K, reserved 1048576K
}
Event: 41.846 GC heap before
{Heap before GC invocations=54 (full 0):
 garbage-first heap   total 201728K, used 121656K [0x0000000080000000, 0x0000000100000000)
  region size 1024K, 9 young (9216K), 1 survivors (1024K)
 Metaspace       used 95276K, committed 96128K, reserved 1138688K
  class space    used 12882K, committed 13248K, reserved 1048576K
}
Event: 41.849 GC heap after
{Heap after GC invocations=55 (full 0):
 garbage-first heap   total 201728K, used 112744K [0x0000000080000000, 0x0000000100000000)
  region size 1024K, 1 young (1024K), 1 survivors (1024K)
 Metaspace       used 95276K, committed 96128K, reserved 1138688K
  class space    used 12882K, committed 13248K, reserved 1048576K
}
Event: 43.912 GC heap before
{Heap before GC invocations=55 (full 0):
 garbage-first heap   total 201728K, used 172136K [0x0000000080000000, 0x0000000100000000)
  region size 1024K, 59 young (60416K), 1 survivors (1024K)
 Metaspace       used 95278K, committed 96128K, reserved 1138688K
  class space    used 12882K, committed 13248K, reserved 1048576K
}
Event: 43.914 GC heap after
{Heap after GC invocations=56 (full 0):
 garbage-first heap   total 201728K, used 112791K [0x0000000080000000, 0x0000000100000000)
  region size 1024K, 1 young (1024K), 1 survivors (1024K)
 Metaspace       used 95278K, committed 96128K, reserved 1138688K
  class space    used 12882K, committed 13248K, reserved 1048576K
}
Event: 46.055 GC heap before
{Heap before GC invocations=57 (full 0):
 garbage-first heap   total 201728K, used 174231K [0x0000000080000000, 0x0000000100000000)
  region size 1024K, 61 young (62464K), 1 survivors (1024K)
 Metaspace       used 95278K, committed 96128K, reserved 1138688K
  class space    used 12882K, committed 13248K, reserved 1048576K
}
Event: 46.057 GC heap after
{Heap after GC invocations=58 (full 0):
 garbage-first heap   total 201728K, used 112733K [0x0000000080000000, 0x0000000100000000)
  region size 1024K, 1 young (1024K), 1 survivors (1024K)
 Metaspace       used 95278K, committed 96128K, reserved 1138688K
  class space    used 12882K, committed 13248K, reserved 1048576K
}
Event: 46.295 GC heap before
{Heap before GC invocations=58 (full 0):
 garbage-first heap   total 201728K, used 120925K [0x0000000080000000, 0x0000000100000000)
  region size 1024K, 9 young (9216K), 1 survivors (1024K)
 Metaspace       used 95278K, committed 96128K, reserved 1138688K
  class space    used 12882K, committed 13248K, reserved 1048576K
}
Event: 46.297 GC heap after
{Heap after GC invocations=59 (full 0):
 garbage-first heap   total 201728K, used 112427K [0x0000000080000000, 0x0000000100000000)
  region size 1024K, 1 young (1024K), 1 survivors (1024K)
 Metaspace       used 95278K, committed 96128K, reserved 1138688K
  class space    used 12882K, committed 13248K, reserved 1048576K
}
Event: 48.228 GC heap before
{Heap before GC invocations=59 (full 0):
 garbage-first heap   total 201728K, used 174891K [0x0000000080000000, 0x0000000100000000)
  region size 1024K, 62 young (63488K), 1 survivors (1024K)
 Metaspace       used 95278K, committed 96128K, reserved 1138688K
  class space    used 12882K, committed 13248K, reserved 1048576K
}
Event: 48.230 GC heap after
{Heap after GC invocations=60 (full 0):
 garbage-first heap   total 201728K, used 112494K [0x0000000080000000, 0x0000000100000000)
  region size 1024K, 1 young (1024K), 1 survivors (1024K)
 Metaspace       used 95278K, committed 96128K, reserved 1138688K
  class space    used 12882K, committed 13248K, reserved 1048576K
}
Event: 50.057 GC heap before
{Heap before GC invocations=61 (full 0):
 garbage-first heap   total 201728K, used 175982K [0x0000000080000000, 0x0000000100000000)
  region size 1024K, 63 young (64512K), 1 survivors (1024K)
 Metaspace       used 95281K, committed 96128K, reserved 1138688K
  class space    used 12883K, committed 13248K, reserved 1048576K
}
Event: 50.059 GC heap after
{Heap after GC invocations=62 (full 0):
 garbage-first heap   total 201728K, used 112465K [0x0000000080000000, 0x0000000100000000)
  region size 1024K, 1 young (1024K), 1 survivors (1024K)
 Metaspace       used 95281K, committed 96128K, reserved 1138688K
  class space    used 12883K, committed 13248K, reserved 1048576K
}
Event: 50.270 GC heap before
{Heap before GC invocations=62 (full 0):
 garbage-first heap   total 201728K, used 120657K [0x0000000080000000, 0x0000000100000000)
  region size 1024K, 9 young (9216K), 1 survivors (1024K)
 Metaspace       used 95281K, committed 96128K, reserved 1138688K
  class space    used 12883K, committed 13248K, reserved 1048576K
}
Event: 50.273 GC heap after
{Heap after GC invocations=63 (full 0):
 garbage-first heap   total 201728K, used 112011K [0x0000000080000000, 0x0000000100000000)
  region size 1024K, 1 young (1024K), 1 survivors (1024K)
 Metaspace       used 95281K, committed 96128K, reserved 1138688K
  class space    used 12883K, committed 13248K, reserved 1048576K
}
Event: 63.656 GC heap before
{Heap before GC invocations=63 (full 0):
 garbage-first heap   total 201728K, used 177547K [0x0000000080000000, 0x0000000100000000)
  region size 1024K, 65 young (66560K), 1 survivors (1024K)
 Metaspace       used 97677K, committed 98624K, reserved 1138688K
  class space    used 13156K, committed 13568K, reserved 1048576K
}
Event: 63.658 GC heap after
{Heap after GC invocations=64 (full 0):
 garbage-first heap   total 201728K, used 113464K [0x0000000080000000, 0x0000000100000000)
  region size 1024K, 3 young (3072K), 3 survivors (3072K)
 Metaspace       used 97677K, committed 98624K, reserved 1138688K
  class space    used 13156K, committed 13568K, reserved 1048576K
}

